[debug] [2022-06-16T16:17:33.788Z] ----------------------------------------------------------------------
[debug] [2022-06-16T16:17:33.791Z] Command:       C:\Program Files\nodejs\node.exe C:\Users\RACHIT\AppData\Roaming\npm\node_modules\firebase-tools\lib\bin\firebase.js deploy --only hosting:valtriaz
[debug] [2022-06-16T16:17:33.792Z] CLI Version:   10.5.0
[debug] [2022-06-16T16:17:33.792Z] Platform:      win32
[debug] [2022-06-16T16:17:33.793Z] Node Version:  v16.15.1
[debug] [2022-06-16T16:17:33.795Z] Time:          Thu Jun 16 2022 21:47:33 GMT+0530 (India Standard Time)
[debug] [2022-06-16T16:17:33.795Z] ----------------------------------------------------------------------
[debug] 
[debug] [2022-06-16T16:17:33.955Z] >>> [apiv2][query] GET https://firebase.googleapis.com/v1beta1/projects/undefined [none]
[debug] [2022-06-16T16:17:34.959Z] <<< [apiv2][status] GET https://firebase.googleapis.com/v1beta1/projects/undefined 403
[debug] [2022-06-16T16:17:34.960Z] <<< [apiv2][body] GET https://firebase.googleapis.com/v1beta1/projects/undefined {"error":{"code":403,"message":"The caller does not have permission","status":"PERMISSION_DENIED"}}
[debug] [2022-06-16T16:17:34.962Z] HTTP Error: 403, The caller does not have permission
[debug] [2022-06-16T16:17:35.674Z] FirebaseError: HTTP Error: 403, The caller does not have permission
    at module.exports (C:\Users\RACHIT\AppData\Roaming\npm\node_modules\firebase-tools\lib\responseToError.js:47:12)
    at RetryOperation._fn (C:\Users\RACHIT\AppData\Roaming\npm\node_modules\firebase-tools\lib\apiv2.js:286:39)
    at processTicksAndRejections (node:internal/process/task_queues:96:5)
[error] 
[error] Error: Failed to get Firebase project undefined. Please make sure the project exists and your account has permission to access it.
[debug] [2022-06-16T16:17:59.993Z] ----------------------------------------------------------------------
[debug] [2022-06-16T16:17:59.996Z] Command:       C:\Program Files\nodejs\node.exe C:\Users\RACHIT\AppData\Roaming\npm\node_modules\firebase-tools\lib\bin\firebase.js deploy --only hosting:valtriaz
[debug] [2022-06-16T16:17:59.997Z] CLI Version:   10.5.0
[debug] [2022-06-16T16:17:59.997Z] Platform:      win32
[debug] [2022-06-16T16:17:59.997Z] Node Version:  v16.15.1
[debug] [2022-06-16T16:17:59.998Z] Time:          Thu Jun 16 2022 21:47:59 GMT+0530 (India Standard Time)
[debug] [2022-06-16T16:17:59.999Z] ----------------------------------------------------------------------
[debug] 
[debug] [2022-06-16T16:18:00.170Z] >>> [apiv2][query] GET https://firebase.googleapis.com/v1beta1/projects/undefined [none]
[debug] [2022-06-16T16:18:00.959Z] <<< [apiv2][status] GET https://firebase.googleapis.com/v1beta1/projects/undefined 403
[debug] [2022-06-16T16:18:00.960Z] <<< [apiv2][body] GET https://firebase.googleapis.com/v1beta1/projects/undefined {"error":{"code":403,"message":"The caller does not have permission","status":"PERMISSION_DENIED"}}
[debug] [2022-06-16T16:18:00.964Z] HTTP Error: 403, The caller does not have permission
[debug] [2022-06-16T16:18:01.758Z] FirebaseError: HTTP Error: 403, The caller does not have permission
    at module.exports (C:\Users\RACHIT\AppData\Roaming\npm\node_modules\firebase-tools\lib\responseToError.js:47:12)
    at RetryOperation._fn (C:\Users\RACHIT\AppData\Roaming\npm\node_modules\firebase-tools\lib\apiv2.js:286:39)
    at processTicksAndRejections (node:internal/process/task_queues:96:5)
[error] 
[error] Error: Failed to get Firebase project undefined. Please make sure the project exists and your account has permission to access it.
[debug] [2022-06-16T16:19:00.817Z] ----------------------------------------------------------------------
[debug] [2022-06-16T16:19:00.822Z] Command:       C:\Program Files\nodejs\node.exe C:\Users\RACHIT\AppData\Roaming\npm\node_modules\firebase-tools\lib\bin\firebase.js deploy --only hosting:valtriaz
[debug] [2022-06-16T16:19:00.823Z] CLI Version:   10.5.0
[debug] [2022-06-16T16:19:00.823Z] Platform:      win32
[debug] [2022-06-16T16:19:00.823Z] Node Version:  v16.15.1
[debug] [2022-06-16T16:19:00.825Z] Time:          Thu Jun 16 2022 21:49:00 GMT+0530 (India Standard Time)
[debug] [2022-06-16T16:19:00.826Z] ----------------------------------------------------------------------
[debug] 
[debug] [2022-06-16T16:19:00.963Z] >>> [apiv2][query] GET https://firebase.googleapis.com/v1beta1/projects/undefined [none]
[debug] [2022-06-16T16:19:01.785Z] <<< [apiv2][status] GET https://firebase.googleapis.com/v1beta1/projects/undefined 403
[debug] [2022-06-16T16:19:01.785Z] <<< [apiv2][body] GET https://firebase.googleapis.com/v1beta1/projects/undefined {"error":{"code":403,"message":"The caller does not have permission","status":"PERMISSION_DENIED"}}
[debug] [2022-06-16T16:19:01.791Z] HTTP Error: 403, The caller does not have permission
[debug] [2022-06-16T16:19:02.376Z] FirebaseError: HTTP Error: 403, The caller does not have permission
    at module.exports (C:\Users\RACHIT\AppData\Roaming\npm\node_modules\firebase-tools\lib\responseToError.js:47:12)
    at RetryOperation._fn (C:\Users\RACHIT\AppData\Roaming\npm\node_modules\firebase-tools\lib\apiv2.js:286:39)
    at processTicksAndRejections (node:internal/process/task_queues:96:5)
[error] 
[error] Error: Failed to get Firebase project undefined. Please make sure the project exists and your account has permission to access it.
